::1 - - [18/Nov/2025:12:04:22 +0300] "GET /index.php HTTP/1.1" 200 71209
::1 - - [18/Nov/2025:12:04:23 +0300] "GET /favicon.ico HTTP/1.1" 404 196
::1 - - [18/Nov/2025:12:04:33 +0300] "-" 408 -
::1 - - [18/Nov/2025:12:05:22 +0300] "-" 408 -
::1 - - [18/Nov/2025:15:51:20 +0300] "GET /index.php HTTP/1.1" 200 70389
::1 - - [18/Nov/2025:15:51:20 +0300] "GET /favicon.ico HTTP/1.1" 404 196
::1 - - [18/Nov/2025:15:51:24 +0300] "GET /index.php HTTP/1.1" 200 70843
::1 - - [18/Nov/2025:15:51:24 +0300] "GET /index.php HTTP/1.1" 200 70843
::1 - - [18/Nov/2025:15:52:20 +0300] "-" 408 -
::1 - - [18/Nov/2025:15:59:36 +0300] "GET / HTTP/1.1" 200 71447
::1 - - [18/Nov/2025:15:59:37 +0300] "GET /favicon.ico HTTP/1.1" 404 196
::1 - - [18/Nov/2025:16:00:36 +0300] "-" 408 -
::1 - - [18/Nov/2025:16:07:54 +0300] "GET /index.php HTTP/1.1" 200 70843
::1 - - [18/Nov/2025:16:08:13 +0300] "GET / HTTP/1.1" 200 363
::1 - - [18/Nov/2025:16:08:18 +0300] "POST /display.php HTTP/1.1" 200 18
::1 - - [18/Nov/2025:16:08:23 +0300] "POST /display.php HTTP/1.1" 200 28
::1 - - [18/Nov/2025:16:09:23 +0300] "-" 408 -
::1 - - [18/Nov/2025:16:10:16 +0300] "POST /display.php HTTP/1.1" 200 28
::1 - - [18/Nov/2025:16:10:33 +0300] "GET / HTTP/1.1" 304 -
::1 - - [18/Nov/2025:16:11:19 +0300] "GET / HTTP/1.1" 304 -
::1 - - [18/Nov/2025:16:11:21 +0300] "GET / HTTP/1.1" 304 -
::1 - - [18/Nov/2025:16:11:22 +0300] "GET / HTTP/1.1" 304 -
::1 - - [18/Nov/2025:16:11:36 +0300] "GET / HTTP/1.1" 304 -
::1 - - [18/Nov/2025:16:11:36 +0300] "GET / HTTP/1.1" 304 -
::1 - - [18/Nov/2025:16:11:37 +0300] "GET / HTTP/1.1" 304 -
::1 - - [18/Nov/2025:16:11:37 +0300] "GET / HTTP/1.1" 304 -
::1 - - [18/Nov/2025:16:11:37 +0300] "GET / HTTP/1.1" 304 -
::1 - - [18/Nov/2025:16:11:50 +0300] "GET / HTTP/1.1" 304 -
::1 - - [18/Nov/2025:16:11:50 +0300] "GET / HTTP/1.1" 304 -
::1 - - [18/Nov/2025:16:11:50 +0300] "GET / HTTP/1.1" 304 -
::1 - - [18/Nov/2025:16:11:51 +0300] "GET / HTTP/1.1" 304 -
::1 - - [18/Nov/2025:16:11:51 +0300] "GET / HTTP/1.1" 304 -
::1 - - [18/Nov/2025:16:11:51 +0300] "GET / HTTP/1.1" 304 -
::1 - - [18/Nov/2025:16:11:51 +0300] "GET / HTTP/1.1" 304 -
::1 - - [18/Nov/2025:16:12:50 +0300] "-" 408 -
::1 - - [18/Nov/2025:16:13:46 +0300] "GET / HTTP/1.1" 200 363
::1 - - [18/Nov/2025:16:14:46 +0300] "-" 408 -
::1 - - [18/Nov/2025:16:29:00 +0300] "GET / HTTP/1.1" 304 -
::1 - - [18/Nov/2025:16:29:01 +0300] "GET / HTTP/1.1" 304 -
::1 - - [18/Nov/2025:16:29:01 +0300] "GET / HTTP/1.1" 304 -
::1 - - [18/Nov/2025:16:29:01 +0300] "GET / HTTP/1.1" 304 -
::1 - - [18/Nov/2025:16:29:04 +0300] "POST /display.php HTTP/1.1" 200 18
::1 - - [18/Nov/2025:16:29:41 +0300] "GET / HTTP/1.1" 304 -
::1 - - [18/Nov/2025:16:29:41 +0300] "GET / HTTP/1.1" 304 -
::1 - - [18/Nov/2025:16:29:42 +0300] "GET / HTTP/1.1" 304 -
::1 - - [18/Nov/2025:16:29:42 +0300] "GET / HTTP/1.1" 304 -
::1 - - [18/Nov/2025:16:29:48 +0300] "POST /display.php HTTP/1.1" 200 34
::1 - - [18/Nov/2025:16:29:54 +0300] "GET / HTTP/1.1" 304 -
::1 - - [18/Nov/2025:16:30:20 +0300] "GET / HTTP/1.1" 304 -
::1 - - [18/Nov/2025:16:30:26 +0300] "POST /display.php HTTP/1.1" 200 29
::1 - - [18/Nov/2025:16:31:26 +0300] "-" 408 -
::1 - - [18/Nov/2025:16:37:14 +0300] "GET /test.php HTTP/1.1" 200 12
::1 - - [18/Nov/2025:16:37:31 +0300] "GET / HTTP/1.1" 304 -
::1 - - [18/Nov/2025:16:37:33 +0300] "GET / HTTP/1.1" 304 -
::1 - - [18/Nov/2025:16:37:55 +0300] "GET / HTTP/1.1" 304 -
::1 - - [18/Nov/2025:16:37:56 +0300] "GET / HTTP/1.1" 304 -
::1 - - [18/Nov/2025:16:37:57 +0300] "GET / HTTP/1.1" 304 -
::1 - - [18/Nov/2025:16:37:57 +0300] "GET / HTTP/1.1" 304 -
::1 - - [18/Nov/2025:16:37:57 +0300] "GET / HTTP/1.1" 304 -
::1 - - [18/Nov/2025:16:37:57 +0300] "GET / HTTP/1.1" 304 -
::1 - - [18/Nov/2025:16:37:57 +0300] "GET / HTTP/1.1" 304 -
::1 - - [18/Nov/2025:16:37:58 +0300] "GET / HTTP/1.1" 304 -
::1 - - [18/Nov/2025:16:37:58 +0300] "GET / HTTP/1.1" 304 -
::1 - - [18/Nov/2025:16:38:09 +0300] "GET / HTTP/1.1" 304 -
::1 - - [18/Nov/2025:16:38:09 +0300] "GET / HTTP/1.1" 304 -
::1 - - [18/Nov/2025:16:38:10 +0300] "GET / HTTP/1.1" 304 -
::1 - - [18/Nov/2025:16:38:22 +0300] "GET / HTTP/1.1" 304 -
::1 - - [18/Nov/2025:16:38:22 +0300] "GET /favicon.ico HTTP/1.1" 404 196
::1 - - [18/Nov/2025:16:38:41 +0300] "GET /test.php HTTP/1.1" 200 12
::1 - - [18/Nov/2025:16:39:24 +0300] "GET /test.php HTTP/1.1" 200 -
::1 - - [18/Nov/2025:16:39:25 +0300] "GET /test.php HTTP/1.1" 200 -
::1 - - [18/Nov/2025:16:39:25 +0300] "GET /test.php HTTP/1.1" 200 -
::1 - - [18/Nov/2025:16:39:26 +0300] "GET /test.php HTTP/1.1" 200 -
::1 - - [18/Nov/2025:16:39:31 +0300] "GET /test.php HTTP/1.1" 200 12
::1 - - [18/Nov/2025:16:39:32 +0300] "GET /test.php HTTP/1.1" 200 12
::1 - - [18/Nov/2025:16:40:31 +0300] "-" 408 -
::1 - - [18/Nov/2025:16:42:17 +0300] "GET / HTTP/1.1" 304 -
::1 - - [18/Nov/2025:16:42:19 +0300] "GET /test.php HTTP/1.1" 200 12
::1 - - [18/Nov/2025:16:43:17 +0300] "-" 408 -
::1 - - [18/Nov/2025:16:43:57 +0300] "-" 408 -
::1 - - [18/Nov/2025:16:46:54 +0300] "GET / HTTP/1.1" 304 -
::1 - - [18/Nov/2025:16:46:55 +0300] "GET / HTTP/1.1" 304 -
::1 - - [18/Nov/2025:16:46:55 +0300] "GET / HTTP/1.1" 304 -
::1 - - [18/Nov/2025:16:46:55 +0300] "GET / HTTP/1.1" 304 -
::1 - - [18/Nov/2025:16:46:55 +0300] "GET / HTTP/1.1" 304 -
::1 - - [18/Nov/2025:16:46:56 +0300] "GET / HTTP/1.1" 304 -
::1 - - [18/Nov/2025:16:46:56 +0300] "GET / HTTP/1.1" 304 -
::1 - - [18/Nov/2025:16:46:56 +0300] "GET / HTTP/1.1" 304 -
::1 - - [18/Nov/2025:16:46:56 +0300] "GET / HTTP/1.1" 304 -
::1 - - [18/Nov/2025:16:46:58 +0300] "GET /test.php HTTP/1.1" 200 12
::1 - - [18/Nov/2025:16:46:59 +0300] "GET / HTTP/1.1" 304 -
::1 - - [18/Nov/2025:16:46:59 +0300] "GET / HTTP/1.1" 304 -
::1 - - [18/Nov/2025:16:46:59 +0300] "GET / HTTP/1.1" 304 -
::1 - - [18/Nov/2025:16:47:47 +0300] "GET / HTTP/1.1" 304 -
::1 - - [18/Nov/2025:16:47:47 +0300] "GET / HTTP/1.1" 304 -
::1 - - [18/Nov/2025:16:48:23 +0300] "GET / HTTP/1.1" 304 -
::1 - - [18/Nov/2025:16:48:24 +0300] "GET / HTTP/1.1" 304 -
::1 - - [18/Nov/2025:16:48:24 +0300] "GET / HTTP/1.1" 304 -
::1 - - [18/Nov/2025:16:48:24 +0300] "GET / HTTP/1.1" 304 -
::1 - - [18/Nov/2025:16:48:24 +0300] "GET / HTTP/1.1" 304 -
::1 - - [18/Nov/2025:16:49:01 +0300] "GET / HTTP/1.1" 200 411
::1 - - [18/Nov/2025:16:49:02 +0300] "GET / HTTP/1.1" 304 -
::1 - - [18/Nov/2025:16:49:44 +0300] "POST /display.php HTTP/1.1" 200 71
::1 - - [18/Nov/2025:16:50:44 +0300] "-" 408 -
::1 - - [18/Nov/2025:16:53:43 +0300] "GET / HTTP/1.1" 304 -
::1 - - [18/Nov/2025:16:53:43 +0300] "GET / HTTP/1.1" 304 -
::1 - - [18/Nov/2025:16:53:44 +0300] "GET / HTTP/1.1" 304 -
::1 - - [18/Nov/2025:16:53:44 +0300] "GET / HTTP/1.1" 304 -
::1 - - [18/Nov/2025:16:53:44 +0300] "GET / HTTP/1.1" 304 -
::1 - - [18/Nov/2025:16:53:44 +0300] "GET / HTTP/1.1" 304 -
::1 - - [18/Nov/2025:16:53:44 +0300] "GET / HTTP/1.1" 304 -
::1 - - [18/Nov/2025:16:53:45 +0300] "GET / HTTP/1.1" 304 -
::1 - - [18/Nov/2025:16:54:41 +0300] "-" 408 -
::1 - - [18/Nov/2025:17:01:00 +0300] "POST /display.php HTTP/1.1" 200 37
::1 - - [18/Nov/2025:17:01:06 +0300] "POST /display.php HTTP/1.1" 200 43
::1 - - [18/Nov/2025:17:02:06 +0300] "-" 408 -
::1 - - [18/Nov/2025:17:02:29 +0300] "GET / HTTP/1.1" 200 484
::1 - - [18/Nov/2025:17:02:34 +0300] "POST /display.php HTTP/1.1" 200 53
::1 - - [18/Nov/2025:17:03:27 +0300] "-" 408 -
::1 - - [18/Nov/2025:17:03:36 +0300] "GET / HTTP/1.1" 304 -
::1 - - [18/Nov/2025:17:03:38 +0300] "POST /display.php HTTP/1.1" 200 29
::1 - - [18/Nov/2025:17:03:43 +0300] "POST /display.php HTTP/1.1" 200 29
::1 - - [18/Nov/2025:17:04:24 +0300] "GET / HTTP/1.1" 304 -
::1 - - [18/Nov/2025:17:04:24 +0300] "GET / HTTP/1.1" 304 -
::1 - - [18/Nov/2025:17:04:25 +0300] "GET / HTTP/1.1" 304 -
::1 - - [18/Nov/2025:17:04:28 +0300] "POST /display.php HTTP/1.1" 200 35
::1 - - [18/Nov/2025:17:04:47 +0300] "POST /display.php HTTP/1.1" 200 35
::1 - - [18/Nov/2025:17:04:49 +0300] "POST /display.php HTTP/1.1" 200 35
::1 - - [18/Nov/2025:17:04:51 +0300] "GET / HTTP/1.1" 304 -
::1 - - [18/Nov/2025:17:04:55 +0300] "POST /display.php HTTP/1.1" 200 37
::1 - - [18/Nov/2025:17:05:45 +0300] "-" 408 -
::1 - - [18/Nov/2025:17:05:51 +0300] "GET / HTTP/1.1" 304 -
::1 - - [18/Nov/2025:17:05:55 +0300] "POST /display.php HTTP/1.1" 200 33
::1 - - [18/Nov/2025:17:06:50 +0300] "-" 408 -
::1 - - [18/Nov/2025:17:07:11 +0300] "GET / HTTP/1.1" 304 -
::1 - - [18/Nov/2025:17:07:16 +0300] "POST /display.php HTTP/1.1" 200 77
::1 - - [18/Nov/2025:17:07:28 +0300] "POST /display.php HTTP/1.1" 200 77
::1 - - [18/Nov/2025:17:07:48 +0300] "POST /display.php HTTP/1.1" 200 77
::1 - - [18/Nov/2025:17:08:39 +0300] "POST /display.php HTTP/1.1" 200 79
::1 - - [18/Nov/2025:17:08:45 +0300] "POST /display.php HTTP/1.1" 200 82
::1 - - [18/Nov/2025:17:09:45 +0300] "-" 408 -
::1 - - [18/Nov/2025:17:10:11 +0300] "POST /display.php HTTP/1.1" 200 93
::1 - - [18/Nov/2025:17:10:39 +0300] "POST /display.php HTTP/1.1" 200 93
::1 - - [18/Nov/2025:17:10:43 +0300] "GET / HTTP/1.1" 200 477
::1 - - [18/Nov/2025:17:11:39 +0300] "-" 408 -
::1 - - [18/Nov/2025:17:11:40 +0300] "POST /display.php HTTP/1.1" 200 93
::1 - - [18/Nov/2025:17:12:02 +0300] "POST /display.php HTTP/1.1" 200 93
::1 - - [18/Nov/2025:17:12:04 +0300] "GET / HTTP/1.1" 304 -
::1 - - [18/Nov/2025:17:16:13 +0300] "GET / HTTP/1.1" 200 477
::1 - - [18/Nov/2025:17:16:13 +0300] "GET /favicon.ico HTTP/1.1" 404 196
::1 - - [18/Nov/2025:17:16:24 +0300] "POST /display.php HTTP/1.1" 200 73
::1 - - [18/Nov/2025:17:17:24 +0300] "-" 408 -
::1 - - [18/Nov/2025:17:50:37 +0300] "POST /display.php HTTP/1.1" 200 73
::1 - - [18/Nov/2025:17:51:37 +0300] "-" 408 -
